<?xml version="1.0" encoding="UTF-8"?>
<!-- Generated by org.testng.reporters.JUnitReportReporter -->
<testsuite hostname="DESKTOP-EBE1IKH" failures="0" tests="1" name="SeleniumPracticePrograms.Alertdemo" time="16.331" errors="0" timestamp="2022-01-14T00:56:48 IST" skipped="0">
  <testcase classname="SeleniumPracticePrograms.Alertdemo" name="demoWindow" time="16.331"/>
  <system-out/>
</testsuite> <!-- SeleniumPracticePrograms.Alertdemo -->
